<?xml version="1.0" encoding="UTF-8" ?>
<testsuite failures="0" time="0.455" errors="0" skipped="0" tests="4" name="com.b2c.search.test.SolrTest">
  <properties>
[...]
</properties>
  <testcase time="0.382" classname="com.b2c.search.test.SolrTest" name="query"/>
  <testcase time="0.04" classname="com.b2c.search.test.SolrTest" name="saveOrUpdate"/>
  <testcase time="0.022" classname="com.b2c.search.test.SolrTest" name="delByQuery"/>
  <testcase time="0.011" classname="com.b2c.search.test.SolrTest" name="delById"/>
</testsuite>